10:41:18| finished reading file
10:41:19| Padmé Amidala
10:41:19| Wedge Antilles
10:41:19| Ki-Adi-Mundi
10:41:19| Wicket Systri Warrick
10:41:20| Shaak Ti
10:41:20| Leia Organa
10:41:20| R5-D4
10:41:20| Grievous
10:41:21| Kit Fisto
10:41:21| R2-D2
10:41:21| Sly Moore
10:41:21| Poggle the Lesser
10:41:22| Ayla Secura
10:41:22| Adi Gallia
10:41:22| Mace Windu
10:41:22| Saesee Tiin
10:41:23| Tarfful
10:41:23| R4-P17
10:41:23| Eeth Koth
10:41:23| Darth Vader
10:41:24| Palpatine
10:41:24| Wat Tambor
10:41:24| Luke Skywalker
10:41:24| Tion Medon
10:41:25| Wilhuff Tarkin
10:41:25| Dooku
10:41:25| Luminara Unduli
10:41:25| Chewbacca
10:41:26| Raymus Antilles
10:41:26| Beru Whitesun lars
10:41:26| Yoda
10:41:26| Owen Lars
10:41:27| C-3PO
10:41:27| Anakin Skywalker
10:41:27| Nute Gunray
10:41:27| Plo Koon
10:41:28| Bail Prestor Organa
10:41:28| Obi-Wan Kenobi
